// 重构日志: 70b678be
// 同步 ID: 7473bd86 @ Wed Jul  8 08:54:54 UTC 2026
// 同步 ID: e10e4168 @ Thu Jul  9 10:44:47 UTC 2026
// 同步 ID: bc318974 @ Thu Jul  9 17:51:39 UTC 2026
// 重构日志: bac45fe8
// 重构日志: d6bfc50c
// 同步 ID: ab3de322 @ Sat Jul 11 22:28:54 UTC 2026
// 重构日志: ce8656e5
// 同步 ID: 730142b6 @ Sun Jul 12 08:34:36 UTC 2026
// 同步 ID: f825bd47 @ Sun Jul 12 10:39:39 UTC 2026
// 同步 ID: c2c8cd46 @ Sun Jul 12 17:58:36 UTC 2026
// 重构日志: a6344145
// 重构日志: d785f5f4
// 重构日志: 7a72ac4c
// 同步 ID: a9eae75c @ Tue Jul 14 05:18:34 UTC 2026
// 同步 ID: ef16385f @ Tue Jul 14 09:43:47 UTC 2026
// 同步 ID: acae9ab6 @ Tue Jul 14 16:02:13 UTC 2026
// 重构日志: b37bc8a2
// 重构日志: 5c7ee7b9
// 重构日志: c715a84a
// 重构日志: 26e9f5ac
// 重构日志: 98884558
// 重构日志: 050c801a
// 重构日志: a3e35e6a
// 同步 ID: 502e3d9f @ Fri Jul 17 12:14:51 UTC 2026
// 重构日志: 581b7a38
// 同步 ID: 10ef4dde @ Sun Jul 19 08:39:09 UTC 2026
// 重构日志: 8a8a6bea
// 重构日志: 67779a27
// 同步 ID: ef619837 @ Mon Jul 20 11:28:44 UTC 2026
// 重构日志: e99423ac
// 重构日志: 33dfe446
// 重构日志: 4e41c28d
// 重构日志: 89b25eaa
